Traceback (most recent call last):
  File "/usr/local/python/3.12.1/lib/python3.12/site-packages/jupyter_cache/executors/utils.py", line 58, in single_nb_execution
    executenb(
  File "/home/codespace/.local/lib/python3.12/site-packages/nbclient/client.py", line 1314, in execute
    return NotebookClient(nb=nb, resources=resources, km=km, **kwargs).execute()
           ^^^^^^^^^^^^^^^^^^^^^^^^^^^^^^^^^^^^^^^^^^^^^^^^^^^^^^^^^^^^^^^^^^^^^
  File "/home/codespace/.local/lib/python3.12/site-packages/jupyter_core/utils/__init__.py", line 165, in wrapped
    return loop.run_until_complete(inner)
           ^^^^^^^^^^^^^^^^^^^^^^^^^^^^^^
  File "/usr/local/python/3.12.1/lib/python3.12/asyncio/base_events.py", line 684, in run_until_complete
    return future.result()
           ^^^^^^^^^^^^^^^
  File "/home/codespace/.local/lib/python3.12/site-packages/nbclient/client.py", line 709, in async_execute
    await self.async_execute_cell(
  File "/home/codespace/.local/lib/python3.12/site-packages/nbclient/client.py", line 1062, in async_execute_cell
    await self._check_raise_for_error(cell, cell_index, exec_reply)
  File "/home/codespace/.local/lib/python3.12/site-packages/nbclient/client.py", line 918, in _check_raise_for_error
    raise CellExecutionError.from_cell_and_msg(cell, exec_reply_content)
nbclient.exceptions.CellExecutionError: An error occurred while executing the following cell:
------------------
import pandas as pd

# Konversi ke DataFrame
df_pg = pd.DataFrame(pg_data, columns=["id", "sepal_length", "sepal_width", "class"])
df_mysql = pd.DataFrame(mysql_data, columns=["id", "petal_length", "petal_width", "class"])

# Gabungkan berdasarkan id
df = pd.merge(df_pg, df_mysql, on=["id", "class"], how="inner")

# Lihat 5 data pertama
print(df.head())

# Ringkasan tipe data
print("\nTipe Data:")
print(df.dtypes)

# Ringkasan statistik numerik
print("\nRingkasan Statistik Numerik:")
print(df.describe())

# Cek frekuensi variabel kategorikal (class)
print("\nFrekuensi Kelas:")
print(df["class"].value_counts())

------------------


[0;31m---------------------------------------------------------------------------[0m
[0;31mNameError[0m                                 Traceback (most recent call last)
Cell [0;32mIn[7], line 4[0m
[1;32m      1[0m [38;5;28;01mimport[39;00m [38;5;21;01mpandas[39;00m [38;5;28;01mas[39;00m [38;5;21;01mpd[39;00m
[1;32m      3[0m [38;5;66;03m# Konversi ke DataFrame[39;00m
[0;32m----> 4[0m df_pg [38;5;241m=[39m pd[38;5;241m.[39mDataFrame([43mpg_data[49m, columns[38;5;241m=[39m[[38;5;124m"[39m[38;5;124mid[39m[38;5;124m"[39m, [38;5;124m"[39m[38;5;124msepal_length[39m[38;5;124m"[39m, [38;5;124m"[39m[38;5;124msepal_width[39m[38;5;124m"[39m, [38;5;124m"[39m[38;5;124mclass[39m[38;5;124m"[39m])
[1;32m      5[0m df_mysql [38;5;241m=[39m pd[38;5;241m.[39mDataFrame(mysql_data, columns[38;5;241m=[39m[[38;5;124m"[39m[38;5;124mid[39m[38;5;124m"[39m, [38;5;124m"[39m[38;5;124mpetal_length[39m[38;5;124m"[39m, [38;5;124m"[39m[38;5;124mpetal_width[39m[38;5;124m"[39m, [38;5;124m"[39m[38;5;124mclass[39m[38;5;124m"[39m])
[1;32m      7[0m [38;5;66;03m# Gabungkan berdasarkan id[39;00m

[0;31mNameError[0m: name 'pg_data' is not defined

