Traceback (most recent call last):
  File "/opt/hostedtoolcache/Python/3.10.16/x64/lib/python3.10/site-packages/jupyter_cache/executors/utils.py", line 58, in single_nb_execution
    executenb(
  File "/opt/hostedtoolcache/Python/3.10.16/x64/lib/python3.10/site-packages/nbclient/client.py", line 1319, in execute
    return NotebookClient(nb=nb, resources=resources, km=km, **kwargs).execute()
  File "/opt/hostedtoolcache/Python/3.10.16/x64/lib/python3.10/site-packages/jupyter_core/utils/__init__.py", line 165, in wrapped
    return loop.run_until_complete(inner)
  File "/opt/hostedtoolcache/Python/3.10.16/x64/lib/python3.10/asyncio/base_events.py", line 649, in run_until_complete
    return future.result()
  File "/opt/hostedtoolcache/Python/3.10.16/x64/lib/python3.10/site-packages/nbclient/client.py", line 709, in async_execute
    await self.async_execute_cell(
  File "/opt/hostedtoolcache/Python/3.10.16/x64/lib/python3.10/site-packages/nbclient/client.py", line 1062, in async_execute_cell
    await self._check_raise_for_error(cell, cell_index, exec_reply)
  File "/opt/hostedtoolcache/Python/3.10.16/x64/lib/python3.10/site-packages/nbclient/client.py", line 918, in _check_raise_for_error
    raise CellExecutionError.from_cell_and_msg(cell, exec_reply_content)
nbclient.exceptions.CellExecutionError: An error occurred while executing the following cell:
------------------
import pymysql
import psycopg2
import pandas as pd
from sqlalchemy import create_engine

# Buat engine SQLAlchemy untuk MySQL
mysql_engine = create_engine(
    "mysql+pymysql://avnadmin:AVNS_X_mleJti5QlbqZ6h_xN@mysql-1fe77f3f-irismysqlpendat.i.aivencloud.com:20846/defaultdb"
)

# Buat engine SQLAlchemy untuk PostgreSQL
postgres_engine = create_engine(
    "postgresql+psycopg2://avnadmin:AVNS_5bqIZxzsDaHWU730NZ6@pg-108cd813-irispendatpostgresql.i.aivencloud.com:11381/defaultdb"
)

# Query untuk mengambil data dari masing-masing database
mysql_query = "SELECT id, class, petal_length, petal_width FROM irismysql"
postgres_query = "SELECT id, sepal_length, sepal_width FROM irispostgresql"

# Ambil data dari MySQL dan PostgreSQL sebagai DataFrame Pandas
df_mysql = pd.read_sql(mysql_query, mysql_engine, coerce_float=True)
df_postgres = pd.read_sql(postgres_query, postgres_engine, coerce_float=True)

# **Gabungkan Data berdasarkan 'id'**
df_combined = pd.merge(df_mysql, df_postgres, on="id", how="inner")

# Tampilkan hasil
print(df_combined)

# Jika ingin menyimpan hasil ke CSV
df_combined.to_csv("hasil_gabungan.csv", index=False)

------------------


[0;31m---------------------------------------------------------------------------[0m
[0;31mModuleNotFoundError[0m                       Traceback (most recent call last)
Cell [0;32mIn[7], line 3[0m
[1;32m      1[0m [38;5;28;01mimport[39;00m[38;5;250m [39m[38;5;21;01mpymysql[39;00m
[1;32m      2[0m [38;5;28;01mimport[39;00m[38;5;250m [39m[38;5;21;01mpsycopg2[39;00m
[0;32m----> 3[0m [38;5;28;01mimport[39;00m[38;5;250m [39m[38;5;21;01mpandas[39;00m[38;5;250m [39m[38;5;28;01mas[39;00m[38;5;250m [39m[38;5;21;01mpd[39;00m
[1;32m      4[0m [38;5;28;01mfrom[39;00m[38;5;250m [39m[38;5;21;01msqlalchemy[39;00m[38;5;250m [39m[38;5;28;01mimport[39;00m create_engine
[1;32m      6[0m [38;5;66;03m# Buat engine SQLAlchemy untuk MySQL[39;00m

[0;31mModuleNotFoundError[0m: No module named 'pandas'

